<?xml version="1.0" encoding="UTF-8"?>
<!-- Generated by org.testng.reporters.JUnitReportReporter -->
<testsuite hostname="MacBook-Pro-de-Ivan.local" failures="0" tests="5" name="zerobanktestingflows.PurchaseForeignCurrencyBlankAmt" time="7.614" errors="0" timestamp="2021-11-11T01:43:04 MST" skipped="0">
  <testcase classname="zerobanktestingflows.PurchaseForeignCurrencyBlankAmt" name="purchaseCurrencyBlankAmtTest" time="1.597"/>
  <system-out/>
  <testcase classname="zerobanktestingflows.PurchaseForeignCurrencyBlankAmt" name="fundTransferTest" time="1.133"/>
  <system-out/>
  <testcase classname="zerobanktestingflows.PurchaseForeignCurrencyBlankAmt" name="viewStatements" time="3.526"/>
  <system-out/>
  <testcase classname="zerobanktestingflows.PurchaseForeignCurrencyBlankAmt" name="findTransaction" time="0.936"/>
  <system-out/>
  <testcase classname="zerobanktestingflows.PurchaseForeignCurrencyBlankAmt" name="logoutTest" time="0.422"/>
  <system-out/>
</testsuite> <!-- zerobanktestingflows.PurchaseForeignCurrencyBlankAmt -->
